============================= test session starts ==============================
platform darwin -- Python 3.13.7, pytest-9.0.2, pluggy-1.6.0
rootdir: /Users/sebastien.lavayssiere/Code/test-open-code/users_api
plugins: mock-3.15.1, cov-7.1.0, langsmith-0.7.23, asyncio-1.3.0, anyio-4.13.0
asyncio: mode=Mode.STRICT, debug=False, asyncio_default_fixture_loop_scope=None, asyncio_default_test_loop_scope=function
collected 41 items

test_integration.py ................                                     [ 39%]
test_main.py ........                                                    [ 58%]
test_mcp_tools.py .................                                      [100%]

=============================== warnings summary ===============================
../test_env/lib/python3.13/site-packages/pythonjsonlogger/jsonlogger.py:11
  /Users/sebastien.lavayssiere/Code/test-open-code/test_env/lib/python3.13/site-packages/pythonjsonlogger/jsonlogger.py:11: DeprecationWarning: pythonjsonlogger.jsonlogger has been moved to pythonjsonlogger.json
    warnings.warn(

test_integration.py::test_create_user
test_integration.py::test_get_user
test_integration.py::test_list_users
test_integration.py::test_update_user
test_integration.py::test_delete_user
test_integration.py::test_create_user_with_permissions
test_integration.py::test_update_user_permissions
test_integration.py::test_login_logout
test_integration.py::test_get_me
  /Users/sebastien.lavayssiere/Code/test-open-code/test_env/lib/python3.13/site-packages/sqlalchemy/sql/schema.py:3624: DeprecationWarning: datetime.datetime.utcnow() is deprecated and scheduled for removal in a future version. Use timezone-aware objects to represent datetimes in UTC: datetime.datetime.now(datetime.UTC).
    return util.wrap_callable(lambda ctx: fn(), fn)  # type: ignore

test_integration.py::test_login_logout
test_integration.py::test_get_me
  /Users/sebastien.lavayssiere/Code/test-open-code/users_api/src/auth.py:32: DeprecationWarning: datetime.datetime.utcnow() is deprecated and scheduled for removal in a future version. Use timezone-aware objects to represent datetimes in UTC: datetime.datetime.now(datetime.UTC).
    expire = datetime.utcnow() + timedelta(minutes=ACCESS_TOKEN_EXPIRE_MINUTES)

test_integration.py::test_get_me
  /Users/sebastien.lavayssiere/Code/test-open-code/test_env/lib/python3.13/site-packages/starlette/testclient.py:445: DeprecationWarning: Setting per-request cookies=<...> is being deprecated, because the expected behaviour on cookie persistence is ambiguous. Set cookies directly on the client instance instead.
    return super().request(

-- Docs: https://docs.pytest.org/en/stable/how-to/capture-warnings.html
================================ tests coverage ================================
_______________ coverage: platform darwin, python 3.13.7-final-0 _______________

Coverage JSON written to file coverage.json
======================= 41 passed, 13 warnings in 4.61s ========================
