============================= test session starts ==============================
platform darwin -- Python 3.13.7, pytest-9.0.2, pluggy-1.6.0
rootdir: /Users/sebastien.lavayssiere/Code/test-open-code/competencies_api
configfile: pytest.ini
plugins: langsmith-0.7.38, schemathesis-4.17.0, mock-3.15.1, Faker-40.15.0, cov-7.1.0, asyncio-1.3.0, hypothesis-6.152.4, anyio-4.13.0
asyncio: mode=Mode.STRICT, debug=False, asyncio_default_fixture_loop_scope=None, asyncio_default_test_loop_scope=function
collected 8 items / 7 deselected / 1 selected

competencies_api/tests/integration/test_pg_integration.py F              [100%]

=================================== FAILURES ===================================
______________________ test_bulk_tree_drops_real_postgres ______________________
competencies_api/tests/integration/test_pg_integration.py:206: in test_bulk_tree_drops_real_postgres
    assert "Enfant_A_Garder" in tech_subs
E   AssertionError: assert 'Enfant_A_Garder' in []
---------------------------- Captured stderr setup -----------------------------
{"asctime": "2026-05-11 16:36:21,137", "levelname": "INFO", "name": "testcontainers.core.container", "message": "Pulling image testcontainers/ryuk:0.8.1", "service": "competencies-api", "environment": "dev"}
{"asctime": "2026-05-11 16:36:21,426", "levelname": "INFO", "name": "testcontainers.core.container", "message": "Container started: b4bd61236350", "service": "competencies-api", "environment": "dev"}
{"asctime": "2026-05-11 16:36:21,432", "levelname": "INFO", "name": "testcontainers.core.container", "message": "Pulling image postgres:16-alpine", "service": "competencies-api", "environment": "dev"}
{"asctime": "2026-05-11 16:36:21,712", "levelname": "INFO", "name": "testcontainers.core.container", "message": "Container started: 6af4b2f72579", "service": "competencies-api", "environment": "dev"}
{"asctime": "2026-05-11 16:36:22,866", "levelname": "INFO", "name": "testcontainers.core.container", "message": "Pulling image redis:7-alpine", "service": "competencies-api", "environment": "dev"}
{"asctime": "2026-05-11 16:36:23,140", "levelname": "INFO", "name": "testcontainers.core.container", "message": "Container started: 774140c178ef", "service": "competencies-api", "environment": "dev"}
------------------------------ Captured log setup ------------------------------
INFO     testcontainers.core.container:container.py:178 Pulling image testcontainers/ryuk:0.8.1
INFO     testcontainers.core.container:container.py:207 Container started: b4bd61236350
INFO     testcontainers.core.container:container.py:178 Pulling image postgres:16-alpine
INFO     testcontainers.core.container:container.py:207 Container started: 6af4b2f72579
INFO     testcontainers.core.container:container.py:178 Pulling image redis:7-alpine
INFO     testcontainers.core.container:container.py:207 Container started: 774140c178ef
----------------------------- Captured stderr call -----------------------------
{"asctime": "2026-05-11 16:36:23,524", "levelname": "WARNING", "name": "src.competencies.helpers", "message": "\u00c9chec de g\u00e9n\u00e9ration d'alias pour 'A_Supprimer': No API key was provided. Please pass a valid API key. Learn how to create an API key at https://ai.google.dev/gemini-api/docs/api-key.", "service": "competencies-api", "environment": "dev", "trace_id": "5836bbb1d3d0dfb7df9a1f125cf28f41", "span_id": "4b8aadc6558db81b"}
{"asctime": "2026-05-11 16:36:23,526", "levelname": "ERROR", "name": "asyncio", "message": "Task exception was never retrieved\nfuture: <Task finished name='Task-4' coro=<BaseApiClient.aclose() done, defined at /Library/Frameworks/Python.framework/Versions/3.13/lib/python3.13/site-packages/google/genai/_api_client.py:2100> exception=AttributeError(\"'BaseApiClient' object has no attribute '_async_httpx_client'\")>", "exc_info": "Traceback (most recent call last):\n  File \"/Library/Frameworks/Python.framework/Versions/3.13/lib/python3.13/site-packages/google/genai/_api_client.py\", line 2105, in aclose\n    await self._async_httpx_client.aclose()  # type: ignore[union-attr]\n          ^^^^^^^^^^^^^^^^^^^^^^^^\nAttributeError: 'BaseApiClient' object has no attribute '_async_httpx_client'", "service": "competencies-api", "environment": "dev"}
{"asctime": "2026-05-11 16:36:23,534", "levelname": "INFO", "name": "middleware.http", "message": "HTTP Request Processed", "http.method": "POST", "http.path": "/", "http.status_code": 201, "http.duration_s": 0.0506, "service": "competencies-api", "environment": "dev", "trace_id": "5836bbb1d3d0dfb7df9a1f125cf28f41", "span_id": "4b8aadc6558db81b"}
{"asctime": "2026-05-11 16:36:23,538", "levelname": "WARNING", "name": "src.competencies.helpers", "message": "\u00c9chec de g\u00e9n\u00e9ration d'alias pour 'A_Archiver': No API key was provided. Please pass a valid API key. Learn how to create an API key at https://ai.google.dev/gemini-api/docs/api-key.", "service": "competencies-api", "environment": "dev", "trace_id": "ec0d18aa0dbb34e8cb04148d2d4060a9", "span_id": "31c8de920a7ec20b"}
{"asctime": "2026-05-11 16:36:23,538", "levelname": "ERROR", "name": "asyncio", "message": "Task exception was never retrieved\nfuture: <Task finished name='Task-7' coro=<BaseApiClient.aclose() done, defined at /Library/Frameworks/Python.framework/Versions/3.13/lib/python3.13/site-packages/google/genai/_api_client.py:2100> exception=AttributeError(\"'BaseApiClient' object has no attribute '_async_httpx_client'\")>", "exc_info": "Traceback (most recent call last):\n  File \"/Library/Frameworks/Python.framework/Versions/3.13/lib/python3.13/site-packages/google/genai/_api_client.py\", line 2105, in aclose\n    await self._async_httpx_client.aclose()  # type: ignore[union-attr]\n          ^^^^^^^^^^^^^^^^^^^^^^^^\nAttributeError: 'BaseApiClient' object has no attribute '_async_httpx_client'", "service": "competencies-api", "environment": "dev"}
{"asctime": "2026-05-11 16:36:23,545", "levelname": "WARNING", "name": "src.competencies.helpers", "message": "\u00c9chec de g\u00e9n\u00e9ration d'alias pour 'Enfant_A_Garder': No API key was provided. Please pass a valid API key. Learn how to create an API key at https://ai.google.dev/gemini-api/docs/api-key.", "service": "competencies-api", "environment": "dev", "trace_id": "87cc824c1f201d7754290a0731d9f9a9", "span_id": "c60e06067c5868d0"}
{"asctime": "2026-05-11 16:36:23,545", "levelname": "ERROR", "name": "asyncio", "message": "Task exception was never retrieved\nfuture: <Task finished name='Task-10' coro=<BaseApiClient.aclose() done, defined at /Library/Frameworks/Python.framework/Versions/3.13/lib/python3.13/site-packages/google/genai/_api_client.py:2100> exception=AttributeError(\"'BaseApiClient' object has no attribute '_async_httpx_client'\")>", "exc_info": "Traceback (most recent call last):\n  File \"/Library/Frameworks/Python.framework/Versions/3.13/lib/python3.13/site-packages/google/genai/_api_client.py\", line 2105, in aclose\n    await self._async_httpx_client.aclose()  # type: ignore[union-attr]\n          ^^^^^^^^^^^^^^^^^^^^^^^^\nAttributeError: 'BaseApiClient' object has no attribute '_async_httpx_client'", "service": "competencies-api", "environment": "dev"}
{"asctime": "2026-05-11 16:36:23,640", "levelname": "WARNING", "name": "src.competencies.helpers", "message": "[Cache Sync] \u00c9chec d'invalidation de cv_api: [Errno 8] nodename nor servname provided, or not known", "service": "competencies-api", "environment": "dev"}
------------------------------ Captured log call -------------------------------
WARNING  src.competencies.helpers:helpers.py:140 Échec de génération d'alias pour 'A_Supprimer': No API key was provided. Please pass a valid API key. Learn how to create an API key at https://ai.google.dev/gemini-api/docs/api-key.
ERROR    asyncio:base_events.py:1879 Task exception was never retrieved
future: <Task finished name='Task-4' coro=<BaseApiClient.aclose() done, defined at /Library/Frameworks/Python.framework/Versions/3.13/lib/python3.13/site-packages/google/genai/_api_client.py:2100> exception=AttributeError("'BaseApiClient' object has no attribute '_async_httpx_client'")>
Traceback (most recent call last):
  File "/Library/Frameworks/Python.framework/Versions/3.13/lib/python3.13/site-packages/google/genai/_api_client.py", line 2105, in aclose
    await self._async_httpx_client.aclose()  # type: ignore[union-attr]
          ^^^^^^^^^^^^^^^^^^^^^^^^
AttributeError: 'BaseApiClient' object has no attribute '_async_httpx_client'
INFO     middleware.http:logger.py:149 HTTP Request Processed
WARNING  src.competencies.helpers:helpers.py:140 Échec de génération d'alias pour 'A_Archiver': No API key was provided. Please pass a valid API key. Learn how to create an API key at https://ai.google.dev/gemini-api/docs/api-key.
ERROR    asyncio:base_events.py:1879 Task exception was never retrieved
future: <Task finished name='Task-7' coro=<BaseApiClient.aclose() done, defined at /Library/Frameworks/Python.framework/Versions/3.13/lib/python3.13/site-packages/google/genai/_api_client.py:2100> exception=AttributeError("'BaseApiClient' object has no attribute '_async_httpx_client'")>
Traceback (most recent call last):
  File "/Library/Frameworks/Python.framework/Versions/3.13/lib/python3.13/site-packages/google/genai/_api_client.py", line 2105, in aclose
    await self._async_httpx_client.aclose()  # type: ignore[union-attr]
          ^^^^^^^^^^^^^^^^^^^^^^^^
AttributeError: 'BaseApiClient' object has no attribute '_async_httpx_client'
INFO     middleware.http:logger.py:149 HTTP Request Processed
WARNING  src.competencies.helpers:helpers.py:140 Échec de génération d'alias pour 'Enfant_A_Garder': No API key was provided. Please pass a valid API key. Learn how to create an API key at https://ai.google.dev/gemini-api/docs/api-key.
ERROR    asyncio:base_events.py:1879 Task exception was never retrieved
future: <Task finished name='Task-10' coro=<BaseApiClient.aclose() done, defined at /Library/Frameworks/Python.framework/Versions/3.13/lib/python3.13/site-packages/google/genai/_api_client.py:2100> exception=AttributeError("'BaseApiClient' object has no attribute '_async_httpx_client'")>
Traceback (most recent call last):
  File "/Library/Frameworks/Python.framework/Versions/3.13/lib/python3.13/site-packages/google/genai/_api_client.py", line 2105, in aclose
    await self._async_httpx_client.aclose()  # type: ignore[union-attr]
          ^^^^^^^^^^^^^^^^^^^^^^^^
AttributeError: 'BaseApiClient' object has no attribute '_async_httpx_client'
INFO     middleware.http:logger.py:149 HTTP Request Processed
INFO     middleware.http:logger.py:149 HTTP Request Processed
WARNING  src.competencies.helpers:helpers.py:170 [Cache Sync] Échec d'invalidation de cv_api: [Errno 8] nodename nor servname provided, or not known
INFO     middleware.http:logger.py:149 HTTP Request Processed
=========================== short test summary info ============================
FAILED competencies_api/tests/integration/test_pg_integration.py::test_bulk_tree_drops_real_postgres
======================= 1 failed, 7 deselected in 3.24s ========================
