============================= test session starts ==============================
platform darwin -- Python 3.13.7, pytest-9.0.2, pluggy-1.6.0
rootdir: /Users/sebastien.lavayssiere/Code/test-open-code/competencies_api
configfile: pytest.ini
plugins: langsmith-0.7.38, schemathesis-4.17.0, mock-3.15.1, Faker-40.15.0, cov-7.1.0, asyncio-1.3.0, hypothesis-6.152.4, anyio-4.13.0
asyncio: mode=Mode.STRICT, debug=False, asyncio_default_fixture_loop_scope=None, asyncio_default_test_loop_scope=function
collected 8 items / 7 deselected / 1 selected

competencies_api/tests/integration/test_pg_integration.py F              [100%]

=================================== FAILURES ===================================
______________________ test_bulk_tree_drops_real_postgres ______________________
competencies_api/tests/integration/test_pg_integration.py:195: in test_bulk_tree_drops_real_postgres
    assert "Enfant_A_Garder" in names
E   AssertionError: assert 'Enfant_A_Garder' in ['Tech', 'Compétences Archives / Non classées']
---------------------------- Captured stderr setup -----------------------------
{"asctime": "2026-05-11 16:33:45,041", "levelname": "INFO", "name": "testcontainers.core.container", "message": "Pulling image testcontainers/ryuk:0.8.1", "service": "competencies-api", "environment": "dev"}
{"asctime": "2026-05-11 16:33:45,313", "levelname": "INFO", "name": "testcontainers.core.container", "message": "Container started: 0af1b8434eb1", "service": "competencies-api", "environment": "dev"}
{"asctime": "2026-05-11 16:33:45,318", "levelname": "INFO", "name": "testcontainers.core.container", "message": "Pulling image postgres:16-alpine", "service": "competencies-api", "environment": "dev"}
{"asctime": "2026-05-11 16:33:45,595", "levelname": "INFO", "name": "testcontainers.core.container", "message": "Container started: 5d5033e414ba", "service": "competencies-api", "environment": "dev"}
{"asctime": "2026-05-11 16:33:46,730", "levelname": "INFO", "name": "testcontainers.core.container", "message": "Pulling image redis:7-alpine", "service": "competencies-api", "environment": "dev"}
{"asctime": "2026-05-11 16:33:47,007", "levelname": "INFO", "name": "testcontainers.core.container", "message": "Container started: 016de792a943", "service": "competencies-api", "environment": "dev"}
------------------------------ Captured log setup ------------------------------
INFO     testcontainers.core.container:container.py:178 Pulling image testcontainers/ryuk:0.8.1
INFO     testcontainers.core.container:container.py:207 Container started: 0af1b8434eb1
INFO     testcontainers.core.container:container.py:178 Pulling image postgres:16-alpine
INFO     testcontainers.core.container:container.py:207 Container started: 5d5033e414ba
INFO     testcontainers.core.container:container.py:178 Pulling image redis:7-alpine
INFO     testcontainers.core.container:container.py:207 Container started: 016de792a943
----------------------------- Captured stderr call -----------------------------
{"asctime": "2026-05-11 16:33:47,357", "levelname": "WARNING", "name": "src.competencies.helpers", "message": "\u00c9chec de g\u00e9n\u00e9ration d'alias pour 'A_Supprimer': No API key was provided. Please pass a valid API key. Learn how to create an API key at https://ai.google.dev/gemini-api/docs/api-key.", "service": "competencies-api", "environment": "dev", "trace_id": "df688c847888411cd2c3a8af15cfe28c", "span_id": "0875351c5608db93"}
{"asctime": "2026-05-11 16:33:47,358", "levelname": "ERROR", "name": "asyncio", "message": "Task exception was never retrieved\nfuture: <Task finished name='Task-4' coro=<BaseApiClient.aclose() done, defined at /Library/Frameworks/Python.framework/Versions/3.13/lib/python3.13/site-packages/google/genai/_api_client.py:2100> exception=AttributeError(\"'BaseApiClient' object has no attribute '_async_httpx_client'\")>", "exc_info": "Traceback (most recent call last):\n  File \"/Library/Frameworks/Python.framework/Versions/3.13/lib/python3.13/site-packages/google/genai/_api_client.py\", line 2105, in aclose\n    await self._async_httpx_client.aclose()  # type: ignore[union-attr]\n          ^^^^^^^^^^^^^^^^^^^^^^^^\nAttributeError: 'BaseApiClient' object has no attribute '_async_httpx_client'", "service": "competencies-api", "environment": "dev"}
{"asctime": "2026-05-11 16:33:47,369", "levelname": "INFO", "name": "middleware.http", "message": "HTTP Request Processed", "http.method": "POST", "http.path": "/", "http.status_code": 201, "http.duration_s": 0.0542, "service": "competencies-api", "environment": "dev", "trace_id": "df688c847888411cd2c3a8af15cfe28c", "span_id": "0875351c5608db93"}
{"asctime": "2026-05-11 16:33:47,374", "levelname": "WARNING", "name": "src.competencies.helpers", "message": "\u00c9chec de g\u00e9n\u00e9ration d'alias pour 'A_Archiver': No API key was provided. Please pass a valid API key. Learn how to create an API key at https://ai.google.dev/gemini-api/docs/api-key.", "service": "competencies-api", "environment": "dev", "trace_id": "a2366e3ec67bd62cc64943c409e5400d", "span_id": "18ed900f00dd5c2e"}
{"asctime": "2026-05-11 16:33:47,374", "levelname": "ERROR", "name": "asyncio", "message": "Task exception was never retrieved\nfuture: <Task finished name='Task-7' coro=<BaseApiClient.aclose() done, defined at /Library/Frameworks/Python.framework/Versions/3.13/lib/python3.13/site-packages/google/genai/_api_client.py:2100> exception=AttributeError(\"'BaseApiClient' object has no attribute '_async_httpx_client'\")>", "exc_info": "Traceback (most recent call last):\n  File \"/Library/Frameworks/Python.framework/Versions/3.13/lib/python3.13/site-packages/google/genai/_api_client.py\", line 2105, in aclose\n    await self._async_httpx_client.aclose()  # type: ignore[union-attr]\n          ^^^^^^^^^^^^^^^^^^^^^^^^\nAttributeError: 'BaseApiClient' object has no attribute '_async_httpx_client'", "service": "competencies-api", "environment": "dev"}
{"asctime": "2026-05-11 16:33:47,381", "levelname": "WARNING", "name": "src.competencies.helpers", "message": "\u00c9chec de g\u00e9n\u00e9ration d'alias pour 'Enfant_A_Garder': No API key was provided. Please pass a valid API key. Learn how to create an API key at https://ai.google.dev/gemini-api/docs/api-key.", "service": "competencies-api", "environment": "dev", "trace_id": "3cbfd6c7d5eae99175274fa7e78b48e0", "span_id": "2bce2195172b44fc"}
{"asctime": "2026-05-11 16:33:47,382", "levelname": "ERROR", "name": "asyncio", "message": "Task exception was never retrieved\nfuture: <Task finished name='Task-10' coro=<BaseApiClient.aclose() done, defined at /Library/Frameworks/Python.framework/Versions/3.13/lib/python3.13/site-packages/google/genai/_api_client.py:2100> exception=AttributeError(\"'BaseApiClient' object has no attribute '_async_httpx_client'\")>", "exc_info": "Traceback (most recent call last):\n  File \"/Library/Frameworks/Python.framework/Versions/3.13/lib/python3.13/site-packages/google/genai/_api_client.py\", line 2105, in aclose\n    await self._async_httpx_client.aclose()  # type: ignore[union-attr]\n          ^^^^^^^^^^^^^^^^^^^^^^^^\nAttributeError: 'BaseApiClient' object has no attribute '_async_httpx_client'", "service": "competencies-api", "environment": "dev"}
{"asctime": "2026-05-11 16:33:47,480", "levelname": "WARNING", "name": "src.competencies.helpers", "message": "[Cache Sync] \u00c9chec d'invalidation de cv_api: [Errno 8] nodename nor servname provided, or not known", "service": "competencies-api", "environment": "dev"}
------------------------------ Captured log call -------------------------------
WARNING  src.competencies.helpers:helpers.py:140 Échec de génération d'alias pour 'A_Supprimer': No API key was provided. Please pass a valid API key. Learn how to create an API key at https://ai.google.dev/gemini-api/docs/api-key.
ERROR    asyncio:base_events.py:1879 Task exception was never retrieved
future: <Task finished name='Task-4' coro=<BaseApiClient.aclose() done, defined at /Library/Frameworks/Python.framework/Versions/3.13/lib/python3.13/site-packages/google/genai/_api_client.py:2100> exception=AttributeError("'BaseApiClient' object has no attribute '_async_httpx_client'")>
Traceback (most recent call last):
  File "/Library/Frameworks/Python.framework/Versions/3.13/lib/python3.13/site-packages/google/genai/_api_client.py", line 2105, in aclose
    await self._async_httpx_client.aclose()  # type: ignore[union-attr]
          ^^^^^^^^^^^^^^^^^^^^^^^^
AttributeError: 'BaseApiClient' object has no attribute '_async_httpx_client'
INFO     middleware.http:logger.py:149 HTTP Request Processed
WARNING  src.competencies.helpers:helpers.py:140 Échec de génération d'alias pour 'A_Archiver': No API key was provided. Please pass a valid API key. Learn how to create an API key at https://ai.google.dev/gemini-api/docs/api-key.
ERROR    asyncio:base_events.py:1879 Task exception was never retrieved
future: <Task finished name='Task-7' coro=<BaseApiClient.aclose() done, defined at /Library/Frameworks/Python.framework/Versions/3.13/lib/python3.13/site-packages/google/genai/_api_client.py:2100> exception=AttributeError("'BaseApiClient' object has no attribute '_async_httpx_client'")>
Traceback (most recent call last):
  File "/Library/Frameworks/Python.framework/Versions/3.13/lib/python3.13/site-packages/google/genai/_api_client.py", line 2105, in aclose
    await self._async_httpx_client.aclose()  # type: ignore[union-attr]
          ^^^^^^^^^^^^^^^^^^^^^^^^
AttributeError: 'BaseApiClient' object has no attribute '_async_httpx_client'
INFO     middleware.http:logger.py:149 HTTP Request Processed
WARNING  src.competencies.helpers:helpers.py:140 Échec de génération d'alias pour 'Enfant_A_Garder': No API key was provided. Please pass a valid API key. Learn how to create an API key at https://ai.google.dev/gemini-api/docs/api-key.
ERROR    asyncio:base_events.py:1879 Task exception was never retrieved
future: <Task finished name='Task-10' coro=<BaseApiClient.aclose() done, defined at /Library/Frameworks/Python.framework/Versions/3.13/lib/python3.13/site-packages/google/genai/_api_client.py:2100> exception=AttributeError("'BaseApiClient' object has no attribute '_async_httpx_client'")>
Traceback (most recent call last):
  File "/Library/Frameworks/Python.framework/Versions/3.13/lib/python3.13/site-packages/google/genai/_api_client.py", line 2105, in aclose
    await self._async_httpx_client.aclose()  # type: ignore[union-attr]
          ^^^^^^^^^^^^^^^^^^^^^^^^
AttributeError: 'BaseApiClient' object has no attribute '_async_httpx_client'
INFO     middleware.http:logger.py:149 HTTP Request Processed
INFO     middleware.http:logger.py:149 HTTP Request Processed
WARNING  src.competencies.helpers:helpers.py:170 [Cache Sync] Échec d'invalidation de cv_api: [Errno 8] nodename nor servname provided, or not known
INFO     middleware.http:logger.py:149 HTTP Request Processed
=========================== short test summary info ============================
FAILED competencies_api/tests/integration/test_pg_integration.py::test_bulk_tree_drops_real_postgres
======================= 1 failed, 7 deselected in 3.22s ========================
