============================= test session starts ==============================
platform darwin -- Python 3.13.7, pytest-9.0.2, pluggy-1.6.0
rootdir: /Users/sebastien.lavayssiere/Code/test-open-code/drive_api
plugins: mock-3.15.1, cov-7.1.0, langsmith-0.7.23, asyncio-1.3.0, anyio-4.13.0
asyncio: mode=Mode.STRICT, debug=False, asyncio_default_fixture_loop_scope=None, asyncio_default_test_loop_scope=function
collected 5 items

tests/test_router.py .....                                               [100%]

=============================== warnings summary ===============================
../test_env/lib/python3.13/site-packages/pythonjsonlogger/jsonlogger.py:11
  /Users/sebastien.lavayssiere/Code/test-open-code/test_env/lib/python3.13/site-packages/pythonjsonlogger/jsonlogger.py:11: DeprecationWarning: pythonjsonlogger.jsonlogger has been moved to pythonjsonlogger.json
    warnings.warn(

tests/test_router.py::test_add_folder
tests/test_router.py::test_add_duplicate_folder
tests/test_router.py::test_list_folders
  /Users/sebastien.lavayssiere/Code/test-open-code/test_env/lib/python3.13/site-packages/sqlalchemy/sql/schema.py:3624: DeprecationWarning: datetime.datetime.utcnow() is deprecated and scheduled for removal in a future version. Use timezone-aware objects to represent datetimes in UTC: datetime.datetime.now(datetime.UTC).
    return util.wrap_callable(lambda ctx: fn(), fn)  # type: ignore

-- Docs: https://docs.pytest.org/en/stable/how-to/capture-warnings.html
================================ tests coverage ================================
_______________ coverage: platform darwin, python 3.13.7-final-0 _______________

Coverage JSON written to file coverage.json
======================== 5 passed, 4 warnings in 2.03s =========================
--- Logging error ---
Traceback (most recent call last):
  File "/Users/sebastien.lavayssiere/Code/test-open-code/test_env/lib/python3.13/site-packages/opentelemetry/exporter/otlp/proto/grpc/exporter.py", line 391, in _export
    self._client.Export(
    ~~~~~~~~~~~~~~~~~~~^
        request=self._translate_data(data),
        ^^^^^^^^^^^^^^^^^^^^^^^^^^^^^^^^^^^
        metadata=self._headers,
        ^^^^^^^^^^^^^^^^^^^^^^^
        timeout=deadline_sec - time(),
        ^^^^^^^^^^^^^^^^^^^^^^^^^^^^^^
    )
    ^
  File "/Users/sebastien.lavayssiere/Code/test-open-code/test_env/lib/python3.13/site-packages/grpc/_channel.py", line 1159, in __call__
    return _end_unary_response_blocking(state, call, False, None)
  File "/Users/sebastien.lavayssiere/Code/test-open-code/test_env/lib/python3.13/site-packages/grpc/_channel.py", line 990, in _end_unary_response_blocking
    raise _InactiveRpcError(state)  # pytype: disable=not-instantiable
    ^^^^^^^^^^^^^^^^^^^^^^^^^^^^^^
grpc._channel._InactiveRpcError: <_InactiveRpcError of RPC that terminated with:
	status = StatusCode.UNAVAILABLE
	details = "failed to connect to all addresses; last error: UNKNOWN: ipv4:127.0.0.1:4317: Failed to connect to remote host: Connection refused"
	debug_error_string = "UNKNOWN:Error received from peer  {grpc_status:14, grpc_message:"failed to connect to all addresses; last error: UNKNOWN: ipv4:127.0.0.1:4317: Failed to connect to remote host: Connection refused"}"
>

During handling of the above exception, another exception occurred:

Traceback (most recent call last):
  File "/Library/Frameworks/Python.framework/Versions/3.13/lib/python3.13/logging/__init__.py", line 1154, in emit
    stream.write(msg + self.terminator)
    ~~~~~~~~~~~~^^^^^^^^^^^^^^^^^^^^^^^
ValueError: I/O operation on closed file.
Call stack:
  File "/Library/Frameworks/Python.framework/Versions/3.13/lib/python3.13/threading.py", line 1014, in _bootstrap
    self._bootstrap_inner()
  File "/Library/Frameworks/Python.framework/Versions/3.13/lib/python3.13/threading.py", line 1043, in _bootstrap_inner
    self.run()
  File "/Library/Frameworks/Python.framework/Versions/3.13/lib/python3.13/threading.py", line 994, in run
    self._target(*self._args, **self._kwargs)
  File "/Users/sebastien.lavayssiere/Code/test-open-code/test_env/lib/python3.13/site-packages/opentelemetry/sdk/_shared_internal/__init__.py", line 168, in worker
    self._export(BatchExportStrategy.EXPORT_ALL)
  File "/Users/sebastien.lavayssiere/Code/test-open-code/test_env/lib/python3.13/site-packages/opentelemetry/sdk/_shared_internal/__init__.py", line 179, in _export
    self._exporter.export(
  File "/Users/sebastien.lavayssiere/Code/test-open-code/test_env/lib/python3.13/site-packages/opentelemetry/exporter/otlp/proto/grpc/trace_exporter/__init__.py", line 146, in export
    return self._export(spans)
  File "/Users/sebastien.lavayssiere/Code/test-open-code/test_env/lib/python3.13/site-packages/opentelemetry/exporter/otlp/proto/grpc/exporter.py", line 424, in _export
    logger.warning(
Message: 'Transient error %s encountered while exporting %s to %s, retrying in %.2fs.'
Arguments: (<StatusCode.UNAVAILABLE: (14, 'unavailable')>, 'traces', 'localhost:4317', 1.0380520051951718)
--- Logging error ---
Traceback (most recent call last):
  File "/Users/sebastien.lavayssiere/Code/test-open-code/test_env/lib/python3.13/site-packages/opentelemetry/exporter/otlp/proto/grpc/exporter.py", line 391, in _export
    self._client.Export(
    ~~~~~~~~~~~~~~~~~~~^
        request=self._translate_data(data),
        ^^^^^^^^^^^^^^^^^^^^^^^^^^^^^^^^^^^
        metadata=self._headers,
        ^^^^^^^^^^^^^^^^^^^^^^^
        timeout=deadline_sec - time(),
        ^^^^^^^^^^^^^^^^^^^^^^^^^^^^^^
    )
    ^
  File "/Users/sebastien.lavayssiere/Code/test-open-code/test_env/lib/python3.13/site-packages/grpc/_channel.py", line 1159, in __call__
    return _end_unary_response_blocking(state, call, False, None)
  File "/Users/sebastien.lavayssiere/Code/test-open-code/test_env/lib/python3.13/site-packages/grpc/_channel.py", line 990, in _end_unary_response_blocking
    raise _InactiveRpcError(state)  # pytype: disable=not-instantiable
    ^^^^^^^^^^^^^^^^^^^^^^^^^^^^^^
grpc._channel._InactiveRpcError: <_InactiveRpcError of RPC that terminated with:
	status = StatusCode.UNAVAILABLE
	details = "failed to connect to all addresses; last error: UNKNOWN: ipv6:%5B::1%5D:4317: Failed to connect to remote host: Connection refused"
	debug_error_string = "UNKNOWN:Error received from peer  {grpc_status:14, grpc_message:"failed to connect to all addresses; last error: UNKNOWN: ipv6:%5B::1%5D:4317: Failed to connect to remote host: Connection refused"}"
>

During handling of the above exception, another exception occurred:

Traceback (most recent call last):
  File "/Library/Frameworks/Python.framework/Versions/3.13/lib/python3.13/logging/__init__.py", line 1154, in emit
    stream.write(msg + self.terminator)
    ~~~~~~~~~~~~^^^^^^^^^^^^^^^^^^^^^^^
ValueError: I/O operation on closed file.
Call stack:
  File "/Library/Frameworks/Python.framework/Versions/3.13/lib/python3.13/threading.py", line 1014, in _bootstrap
    self._bootstrap_inner()
  File "/Library/Frameworks/Python.framework/Versions/3.13/lib/python3.13/threading.py", line 1043, in _bootstrap_inner
    self.run()
  File "/Library/Frameworks/Python.framework/Versions/3.13/lib/python3.13/threading.py", line 994, in run
    self._target(*self._args, **self._kwargs)
  File "/Users/sebastien.lavayssiere/Code/test-open-code/test_env/lib/python3.13/site-packages/opentelemetry/sdk/_shared_internal/__init__.py", line 168, in worker
    self._export(BatchExportStrategy.EXPORT_ALL)
  File "/Users/sebastien.lavayssiere/Code/test-open-code/test_env/lib/python3.13/site-packages/opentelemetry/sdk/_shared_internal/__init__.py", line 179, in _export
    self._exporter.export(
  File "/Users/sebastien.lavayssiere/Code/test-open-code/test_env/lib/python3.13/site-packages/opentelemetry/exporter/otlp/proto/grpc/trace_exporter/__init__.py", line 146, in export
    return self._export(spans)
  File "/Users/sebastien.lavayssiere/Code/test-open-code/test_env/lib/python3.13/site-packages/opentelemetry/exporter/otlp/proto/grpc/exporter.py", line 424, in _export
    logger.warning(
Message: 'Transient error %s encountered while exporting %s to %s, retrying in %.2fs.'
Arguments: (<StatusCode.UNAVAILABLE: (14, 'unavailable')>, 'traces', 'localhost:4317', 3.2353112490293157)
--- Logging error ---
Traceback (most recent call last):
  File "/Users/sebastien.lavayssiere/Code/test-open-code/test_env/lib/python3.13/site-packages/opentelemetry/exporter/otlp/proto/grpc/exporter.py", line 391, in _export
    self._client.Export(
    ~~~~~~~~~~~~~~~~~~~^
        request=self._translate_data(data),
        ^^^^^^^^^^^^^^^^^^^^^^^^^^^^^^^^^^^
        metadata=self._headers,
        ^^^^^^^^^^^^^^^^^^^^^^^
        timeout=deadline_sec - time(),
        ^^^^^^^^^^^^^^^^^^^^^^^^^^^^^^
    )
    ^
  File "/Users/sebastien.lavayssiere/Code/test-open-code/test_env/lib/python3.13/site-packages/grpc/_channel.py", line 1159, in __call__
    return _end_unary_response_blocking(state, call, False, None)
  File "/Users/sebastien.lavayssiere/Code/test-open-code/test_env/lib/python3.13/site-packages/grpc/_channel.py", line 990, in _end_unary_response_blocking
    raise _InactiveRpcError(state)  # pytype: disable=not-instantiable
    ^^^^^^^^^^^^^^^^^^^^^^^^^^^^^^
grpc._channel._InactiveRpcError: <_InactiveRpcError of RPC that terminated with:
	status = StatusCode.UNAVAILABLE
	details = "failed to connect to all addresses; last error: UNKNOWN: ipv6:%5B::1%5D:4317: Failed to connect to remote host: Connection refused"
	debug_error_string = "UNKNOWN:Error received from peer  {grpc_status:14, grpc_message:"failed to connect to all addresses; last error: UNKNOWN: ipv6:%5B::1%5D:4317: Failed to connect to remote host: Connection refused"}"
>

During handling of the above exception, another exception occurred:

Traceback (most recent call last):
  File "/Library/Frameworks/Python.framework/Versions/3.13/lib/python3.13/logging/__init__.py", line 1154, in emit
    stream.write(msg + self.terminator)
    ~~~~~~~~~~~~^^^^^^^^^^^^^^^^^^^^^^^
ValueError: I/O operation on closed file.
Call stack:
  File "/Library/Frameworks/Python.framework/Versions/3.13/lib/python3.13/threading.py", line 1014, in _bootstrap
    self._bootstrap_inner()
  File "/Library/Frameworks/Python.framework/Versions/3.13/lib/python3.13/threading.py", line 1043, in _bootstrap_inner
    self.run()
  File "/Library/Frameworks/Python.framework/Versions/3.13/lib/python3.13/threading.py", line 994, in run
    self._target(*self._args, **self._kwargs)
  File "/Users/sebastien.lavayssiere/Code/test-open-code/test_env/lib/python3.13/site-packages/opentelemetry/sdk/_shared_internal/__init__.py", line 168, in worker
    self._export(BatchExportStrategy.EXPORT_ALL)
  File "/Users/sebastien.lavayssiere/Code/test-open-code/test_env/lib/python3.13/site-packages/opentelemetry/sdk/_shared_internal/__init__.py", line 179, in _export
    self._exporter.export(
  File "/Users/sebastien.lavayssiere/Code/test-open-code/test_env/lib/python3.13/site-packages/opentelemetry/exporter/otlp/proto/grpc/trace_exporter/__init__.py", line 146, in export
    return self._export(spans)
  File "/Users/sebastien.lavayssiere/Code/test-open-code/test_env/lib/python3.13/site-packages/opentelemetry/exporter/otlp/proto/grpc/exporter.py", line 416, in _export
    logger.error(
Message: 'Failed to export %s to %s, error code: %s'
Arguments: ('traces', 'localhost:4317', <StatusCode.UNAVAILABLE: (14, 'unavailable')>)
