============================= test session starts ==============================
platform darwin -- Python 3.13.7, pytest-9.0.2, pluggy-1.6.0
rootdir: /Users/sebastien.lavayssiere/Code/test-open-code/prompts_api
plugins: mock-3.15.1, cov-7.1.0, langsmith-0.7.23, asyncio-1.3.0, anyio-4.13.0
asyncio: mode=Mode.STRICT, debug=False, asyncio_default_fixture_loop_scope=None, asyncio_default_test_loop_scope=function
collected 21 items

tests/test_prompts.py .....................                              [100%]

=============================== warnings summary ===============================
src/prompts/schemas.py:14
  /Users/sebastien.lavayssiere/Code/test-open-code/prompts_api/src/prompts/schemas.py:14: PydanticDeprecatedSince20: Support for class-based `config` is deprecated, use ConfigDict instead. Deprecated in Pydantic V2.0 to be removed in V3.0. See Pydantic V2 Migration Guide at https://errors.pydantic.dev/2.12/migration/
    class Prompt(PromptBase):

../test_env/lib/python3.13/site-packages/pythonjsonlogger/jsonlogger.py:11
  /Users/sebastien.lavayssiere/Code/test-open-code/test_env/lib/python3.13/site-packages/pythonjsonlogger/jsonlogger.py:11: DeprecationWarning: pythonjsonlogger.jsonlogger has been moved to pythonjsonlogger.json
    warnings.warn(

src/main.py:38
  /Users/sebastien.lavayssiere/Code/test-open-code/prompts_api/src/main.py:38: DeprecationWarning: 
          on_event is deprecated, use lifespan event handlers instead.
  
          Read more about it in the
          [FastAPI docs for Lifespan Events](https://fastapi.tiangolo.com/advanced/events/).
          
    @app.on_event("startup")

../test_env/lib/python3.13/site-packages/fastapi/applications.py:4598
  /Users/sebastien.lavayssiere/Code/test-open-code/test_env/lib/python3.13/site-packages/fastapi/applications.py:4598: DeprecationWarning: 
          on_event is deprecated, use lifespan event handlers instead.
  
          Read more about it in the
          [FastAPI docs for Lifespan Events](https://fastapi.tiangolo.com/advanced/events/).
          
    return self.router.on_event(event_type)  # ty: ignore[deprecated]

-- Docs: https://docs.pytest.org/en/stable/how-to/capture-warnings.html
================================ tests coverage ================================
_______________ coverage: platform darwin, python 3.13.7-final-0 _______________

Coverage JSON written to file coverage.json
======================== 21 passed, 4 warnings in 2.58s ========================
--- Logging error ---
Traceback (most recent call last):
  File "/Users/sebastien.lavayssiere/Code/test-open-code/test_env/lib/python3.13/site-packages/opentelemetry/exporter/otlp/proto/grpc/exporter.py", line 391, in _export
    self._client.Export(
    ~~~~~~~~~~~~~~~~~~~^
        request=self._translate_data(data),
        ^^^^^^^^^^^^^^^^^^^^^^^^^^^^^^^^^^^
        metadata=self._headers,
        ^^^^^^^^^^^^^^^^^^^^^^^
        timeout=deadline_sec - time(),
        ^^^^^^^^^^^^^^^^^^^^^^^^^^^^^^
    )
    ^
  File "/Users/sebastien.lavayssiere/Code/test-open-code/test_env/lib/python3.13/site-packages/grpc/_channel.py", line 1159, in __call__
    return _end_unary_response_blocking(state, call, False, None)
  File "/Users/sebastien.lavayssiere/Code/test-open-code/test_env/lib/python3.13/site-packages/grpc/_channel.py", line 990, in _end_unary_response_blocking
    raise _InactiveRpcError(state)  # pytype: disable=not-instantiable
    ^^^^^^^^^^^^^^^^^^^^^^^^^^^^^^
grpc._channel._InactiveRpcError: <_InactiveRpcError of RPC that terminated with:
	status = StatusCode.UNAVAILABLE
	details = "errors resolving tempo:4317: [field:hostname lookup error:address lookup failed for tempo:4317: Domain name not found]"
	debug_error_string = "UNKNOWN:Error received from peer  {grpc_message:"errors resolving tempo:4317: [field:hostname lookup error:address lookup failed for tempo:4317: Domain name not found]", grpc_status:14}"
>

During handling of the above exception, another exception occurred:

Traceback (most recent call last):
  File "/Library/Frameworks/Python.framework/Versions/3.13/lib/python3.13/logging/__init__.py", line 1154, in emit
    stream.write(msg + self.terminator)
    ~~~~~~~~~~~~^^^^^^^^^^^^^^^^^^^^^^^
ValueError: I/O operation on closed file.
Call stack:
  File "/Library/Frameworks/Python.framework/Versions/3.13/lib/python3.13/threading.py", line 1014, in _bootstrap
    self._bootstrap_inner()
  File "/Library/Frameworks/Python.framework/Versions/3.13/lib/python3.13/threading.py", line 1043, in _bootstrap_inner
    self.run()
  File "/Library/Frameworks/Python.framework/Versions/3.13/lib/python3.13/threading.py", line 994, in run
    self._target(*self._args, **self._kwargs)
  File "/Users/sebastien.lavayssiere/Code/test-open-code/test_env/lib/python3.13/site-packages/opentelemetry/sdk/_shared_internal/__init__.py", line 168, in worker
    self._export(BatchExportStrategy.EXPORT_ALL)
  File "/Users/sebastien.lavayssiere/Code/test-open-code/test_env/lib/python3.13/site-packages/opentelemetry/sdk/_shared_internal/__init__.py", line 179, in _export
    self._exporter.export(
  File "/Users/sebastien.lavayssiere/Code/test-open-code/test_env/lib/python3.13/site-packages/opentelemetry/exporter/otlp/proto/grpc/trace_exporter/__init__.py", line 146, in export
    return self._export(spans)
  File "/Users/sebastien.lavayssiere/Code/test-open-code/test_env/lib/python3.13/site-packages/opentelemetry/exporter/otlp/proto/grpc/exporter.py", line 424, in _export
    logger.warning(
Message: 'Transient error %s encountered while exporting %s to %s, retrying in %.2fs.'
Arguments: (<StatusCode.UNAVAILABLE: (14, 'unavailable')>, 'traces', 'tempo:4317', 1.024405026704292)
--- Logging error ---
Traceback (most recent call last):
  File "/Users/sebastien.lavayssiere/Code/test-open-code/test_env/lib/python3.13/site-packages/opentelemetry/exporter/otlp/proto/grpc/exporter.py", line 391, in _export
    self._client.Export(
    ~~~~~~~~~~~~~~~~~~~^
        request=self._translate_data(data),
        ^^^^^^^^^^^^^^^^^^^^^^^^^^^^^^^^^^^
        metadata=self._headers,
        ^^^^^^^^^^^^^^^^^^^^^^^
        timeout=deadline_sec - time(),
        ^^^^^^^^^^^^^^^^^^^^^^^^^^^^^^
    )
    ^
  File "/Users/sebastien.lavayssiere/Code/test-open-code/test_env/lib/python3.13/site-packages/grpc/_channel.py", line 1159, in __call__
    return _end_unary_response_blocking(state, call, False, None)
  File "/Users/sebastien.lavayssiere/Code/test-open-code/test_env/lib/python3.13/site-packages/grpc/_channel.py", line 990, in _end_unary_response_blocking
    raise _InactiveRpcError(state)  # pytype: disable=not-instantiable
    ^^^^^^^^^^^^^^^^^^^^^^^^^^^^^^
grpc._channel._InactiveRpcError: <_InactiveRpcError of RPC that terminated with:
	status = StatusCode.UNAVAILABLE
	details = "errors resolving tempo:4317: [field:hostname lookup error:address lookup failed for tempo:4317: Domain name not found]"
	debug_error_string = "UNKNOWN:Error received from peer  {grpc_message:"errors resolving tempo:4317: [field:hostname lookup error:address lookup failed for tempo:4317: Domain name not found]", grpc_status:14}"
>

During handling of the above exception, another exception occurred:

Traceback (most recent call last):
  File "/Library/Frameworks/Python.framework/Versions/3.13/lib/python3.13/logging/__init__.py", line 1154, in emit
    stream.write(msg + self.terminator)
    ~~~~~~~~~~~~^^^^^^^^^^^^^^^^^^^^^^^
ValueError: I/O operation on closed file.
Call stack:
  File "/Library/Frameworks/Python.framework/Versions/3.13/lib/python3.13/threading.py", line 1014, in _bootstrap
    self._bootstrap_inner()
  File "/Library/Frameworks/Python.framework/Versions/3.13/lib/python3.13/threading.py", line 1043, in _bootstrap_inner
    self.run()
  File "/Library/Frameworks/Python.framework/Versions/3.13/lib/python3.13/threading.py", line 994, in run
    self._target(*self._args, **self._kwargs)
  File "/Users/sebastien.lavayssiere/Code/test-open-code/test_env/lib/python3.13/site-packages/opentelemetry/sdk/_shared_internal/__init__.py", line 168, in worker
    self._export(BatchExportStrategy.EXPORT_ALL)
  File "/Users/sebastien.lavayssiere/Code/test-open-code/test_env/lib/python3.13/site-packages/opentelemetry/sdk/_shared_internal/__init__.py", line 179, in _export
    self._exporter.export(
  File "/Users/sebastien.lavayssiere/Code/test-open-code/test_env/lib/python3.13/site-packages/opentelemetry/exporter/otlp/proto/grpc/trace_exporter/__init__.py", line 146, in export
    return self._export(spans)
  File "/Users/sebastien.lavayssiere/Code/test-open-code/test_env/lib/python3.13/site-packages/opentelemetry/exporter/otlp/proto/grpc/exporter.py", line 416, in _export
    logger.error(
Message: 'Failed to export %s to %s, error code: %s'
Arguments: ('traces', 'tempo:4317', <StatusCode.UNAVAILABLE: (14, 'unavailable')>)
