============================= test session starts ==============================
platform darwin -- Python 3.13.7, pytest-9.0.2, pluggy-1.6.0
rootdir: /Users/sebastien.lavayssiere/Code/test-open-code/prompts_api
plugins: mock-3.15.1, cov-7.1.0, langsmith-0.7.23, asyncio-1.3.0, anyio-4.13.0
asyncio: mode=Mode.STRICT, debug=False, asyncio_default_fixture_loop_scope=None, asyncio_default_test_loop_scope=function
collected 21 items

tests/test_prompts.py .....................                              [100%]

=============================== warnings summary ===============================
src/prompts/schemas.py:14
  /Users/sebastien.lavayssiere/Code/test-open-code/prompts_api/src/prompts/schemas.py:14: PydanticDeprecatedSince20: Support for class-based `config` is deprecated, use ConfigDict instead. Deprecated in Pydantic V2.0 to be removed in V3.0. See Pydantic V2 Migration Guide at https://errors.pydantic.dev/2.12/migration/
    class Prompt(PromptBase):

-- Docs: https://docs.pytest.org/en/stable/how-to/capture-warnings.html
================================ tests coverage ================================
_______________ coverage: platform darwin, python 3.13.7-final-0 _______________

Coverage JSON written to file coverage.json
======================== 21 passed, 1 warning in 2.27s =========================
Transient error StatusCode.UNAVAILABLE encountered while exporting traces to tempo:4317, retrying in 1.02s.
Failed to export traces to tempo:4317, error code: StatusCode.UNAVAILABLE
